

============================== 2022-06-02 06:54:55.737636 | 8830d049-ca24-40bc-b875-85c598757784 ==============================
06:54:55.737636 [info ] [MainThread]: Running with dbt=1.0.0
06:54:55.737959 [debug] [MainThread]: running dbt with arguments Namespace(record_timing_info=None, debug=None, log_format=None, write_json=None, use_colors=None, printer_width=None, warn_error=None, version_check=None, partial_parse=None, single_threaded=False, use_experimental_parser=None, static_parser=None, profiles_dir='/data/32/0/normalize', send_anonymous_usage_stats=None, fail_fast=None, event_buffer_size=None, project_dir='/data/32/0/normalize', profile=None, target=None, vars='{}', log_cache_events=False, config_dir=False, defer=None, state=None, cls=<class 'dbt.task.debug.DebugTask'>, which='debug', rpc_method=None)
06:54:55.738091 [debug] [MainThread]: Tracking: do not track
06:54:56.107675 [debug] [MainThread]: Executing "git --help"
06:54:56.111592 [debug] [MainThread]: STDOUT: "b"usage: git [--version] [--help] [-C <path>] [-c <name>=<value>]\n           [--exec-path[=<path>]] [--html-path] [--man-path] [--info-path]\n           [-p | --paginate | -P | --no-pager] [--no-replace-objects] [--bare]\n           [--git-dir=<path>] [--work-tree=<path>] [--namespace=<name>]\n           <command> [<args>]\n\nThese are common Git commands used in various situations:\n\nstart a working area (see also: git help tutorial)\n   clone             Clone a repository into a new directory\n   init              Create an empty Git repository or reinitialize an existing one\n\nwork on the current change (see also: git help everyday)\n   add               Add file contents to the index\n   mv                Move or rename a file, a directory, or a symlink\n   restore           Restore working tree files\n   rm                Remove files from the working tree and from the index\n   sparse-checkout   Initialize and modify the sparse-checkout\n\nexamine the history and state (see also: git help revisions)\n   bisect            Use binary search to find the commit that introduced a bug\n   diff              Show changes between commits, commit and working tree, etc\n   grep              Print lines matching a pattern\n   log               Show commit logs\n   show              Show various types of objects\n   status            Show the working tree status\n\ngrow, mark and tweak your common history\n   branch            List, create, or delete branches\n   commit            Record changes to the repository\n   merge             Join two or more development histories together\n   rebase            Reapply commits on top of another base tip\n   reset             Reset current HEAD to the specified state\n   switch            Switch branches\n   tag               Create, list, delete or verify a tag object signed with GPG\n\ncollaborate (see also: git help workflows)\n   fetch             Download objects and refs from another repository\n   pull              Fetch from and integrate with another repository or a local branch\n   push              Update remote refs along with associated objects\n\n'git help -a' and 'git help -g' list available subcommands and some\nconcept guides. See 'git help <command>' or 'git help <concept>'\nto read about a specific subcommand or concept.\nSee 'git help git' for an overview of the system.\n""
06:54:56.111875 [debug] [MainThread]: STDERR: "b''"
06:54:56.117379 [debug] [MainThread]: Acquiring new snowflake connection "debug"
06:54:56.118466 [debug] [MainThread]: Using snowflake connection "debug"
06:54:56.118631 [debug] [MainThread]: On debug: select 1 as id
06:54:56.118740 [debug] [MainThread]: Opening a new connection, currently in state init
06:54:58.109433 [debug] [MainThread]: SQL status: SUCCESS 1 in 1.99 seconds
06:54:58.112503 [debug] [MainThread]: On debug: Close
06:54:58.220944 [debug] [MainThread]: Connection 'debug' was properly closed.


============================== 2022-06-02 07:33:15.913279 | 4e7bb27c-5cf0-47db-974e-c3edbc3c81da ==============================
07:33:15.913279 [info ] [MainThread]: Running with dbt=1.0.0
07:33:15.913635 [debug] [MainThread]: running dbt with arguments Namespace(record_timing_info=None, debug=None, log_format=None, write_json=None, use_colors=None, printer_width=None, warn_error=None, version_check=None, partial_parse=None, single_threaded=False, use_experimental_parser=None, static_parser=None, profiles_dir='/data/32/0/normalize', send_anonymous_usage_stats=None, fail_fast=None, event_buffer_size=None, project_dir='/data/32/0/normalize', profile=None, target=None, vars='{}', log_cache_events=False, config_dir=False, defer=None, state=None, cls=<class 'dbt.task.debug.DebugTask'>, which='debug', rpc_method=None)
07:33:15.913767 [debug] [MainThread]: Tracking: do not track
07:33:16.287657 [debug] [MainThread]: Executing "git --help"
07:33:16.293733 [debug] [MainThread]: STDOUT: "b"usage: git [--version] [--help] [-C <path>] [-c <name>=<value>]\n           [--exec-path[=<path>]] [--html-path] [--man-path] [--info-path]\n           [-p | --paginate | -P | --no-pager] [--no-replace-objects] [--bare]\n           [--git-dir=<path>] [--work-tree=<path>] [--namespace=<name>]\n           <command> [<args>]\n\nThese are common Git commands used in various situations:\n\nstart a working area (see also: git help tutorial)\n   clone             Clone a repository into a new directory\n   init              Create an empty Git repository or reinitialize an existing one\n\nwork on the current change (see also: git help everyday)\n   add               Add file contents to the index\n   mv                Move or rename a file, a directory, or a symlink\n   restore           Restore working tree files\n   rm                Remove files from the working tree and from the index\n   sparse-checkout   Initialize and modify the sparse-checkout\n\nexamine the history and state (see also: git help revisions)\n   bisect            Use binary search to find the commit that introduced a bug\n   diff              Show changes between commits, commit and working tree, etc\n   grep              Print lines matching a pattern\n   log               Show commit logs\n   show              Show various types of objects\n   status            Show the working tree status\n\ngrow, mark and tweak your common history\n   branch            List, create, or delete branches\n   commit            Record changes to the repository\n   merge             Join two or more development histories together\n   rebase            Reapply commits on top of another base tip\n   reset             Reset current HEAD to the specified state\n   switch            Switch branches\n   tag               Create, list, delete or verify a tag object signed with GPG\n\ncollaborate (see also: git help workflows)\n   fetch             Download objects and refs from another repository\n   pull              Fetch from and integrate with another repository or a local branch\n   push              Update remote refs along with associated objects\n\n'git help -a' and 'git help -g' list available subcommands and some\nconcept guides. See 'git help <command>' or 'git help <concept>'\nto read about a specific subcommand or concept.\nSee 'git help git' for an overview of the system.\n""
07:33:16.294192 [debug] [MainThread]: STDERR: "b''"
07:33:16.300639 [debug] [MainThread]: Acquiring new snowflake connection "debug"
07:33:16.301685 [debug] [MainThread]: Using snowflake connection "debug"
07:33:16.301877 [debug] [MainThread]: On debug: select 1 as id
07:33:16.301985 [debug] [MainThread]: Opening a new connection, currently in state init
07:33:18.431685 [debug] [MainThread]: SQL status: SUCCESS 1 in 2.13 seconds
07:33:18.433092 [debug] [MainThread]: On debug: Close
07:33:18.534446 [debug] [MainThread]: Connection 'debug' was properly closed.
